<?xml version="1.0" encoding="UTF-8"?>
<!-- Generated by org.testng.reporters.JUnitReportReporter -->
<testsuite hostname="KingGeorge-PC" name="com.expedia.flightbooking.TestNG_TestSuite" tests="1" failures="0" timestamp="12 Jul 2016 16:49:48 GMT" time="6.678" errors="0">
  <testcase name="fillBasicInfo" time="6.678" classname="com.expedia.flightbooking.TestNG_TestSuite"/>
</testsuite> <!-- com.expedia.flightbooking.TestNG_TestSuite -->
